\BOOKMARK [1][-]{Doc-Start}{Table des figures}{}% 1
\BOOKMARK [1][-]{Doc-Start}{Introduction}{}% 2
\BOOKMARK [1][-]{section.1}{Part 1 - webscraping}{}% 3
\BOOKMARK [2][-]{subsection.1.1}{Question 1}{section.1}% 4
\BOOKMARK [2][-]{subsection.1.2}{Question 2}{section.1}% 5
\BOOKMARK [3][-]{subsubsection.1.2.1}{Question 2.a}{subsection.1.2}% 6
\BOOKMARK [3][-]{subsubsection.1.2.2}{Question 2.b}{subsection.1.2}% 7
\BOOKMARK [3][-]{subsubsection.1.2.3}{Question 2.c}{subsection.1.2}% 8
\BOOKMARK [2][-]{subsection.1.3}{Question 3}{section.1}% 9
\BOOKMARK [3][-]{subsubsection.1.3.1}{Question 3.a}{subsection.1.3}% 10
\BOOKMARK [3][-]{subsubsection.1.3.2}{Question 3.b}{subsection.1.3}% 11
\BOOKMARK [3][-]{subsubsection.1.3.3}{Question 3.c}{subsection.1.3}% 12
\BOOKMARK [3][-]{subsubsection.1.3.4}{Question 3.d}{subsection.1.3}% 13
\BOOKMARK [2][-]{subsection.1.4}{Question 4}{section.1}% 14
\BOOKMARK [3][-]{subsubsection.1.4.1}{Question 4.a}{subsection.1.4}% 15
\BOOKMARK [3][-]{subsubsection.1.4.2}{Question 4.b}{subsection.1.4}% 16
\BOOKMARK [2][-]{subsection.1.5}{Question 5}{section.1}% 17
\BOOKMARK [1][-]{section.2}{Part 2}{}% 18
\BOOKMARK [2][-]{subsection.2.1}{Question 1}{section.2}% 19
\BOOKMARK [2][-]{subsection.2.2}{Question 2}{section.2}% 20
\BOOKMARK [2][-]{subsection.2.3}{Question 3}{section.2}% 21
\BOOKMARK [3][-]{subsubsection.2.3.1}{Question 3.a}{subsection.2.3}% 22
\BOOKMARK [3][-]{subsubsection.2.3.2}{Question 3.b}{subsection.2.3}% 23
\BOOKMARK [3][-]{subsubsection.2.3.3}{Question 3.c}{subsection.2.3}% 24
\BOOKMARK [3][-]{subsubsection.2.3.4}{Question 3.d}{subsection.2.3}% 25
\BOOKMARK [2][-]{subsection.2.4}{Question 4}{section.2}% 26
\BOOKMARK [3][-]{subsubsection.2.4.1}{Question 4.a}{subsection.2.4}% 27
\BOOKMARK [3][-]{subsubsection.2.4.2}{Question 4.b}{subsection.2.4}% 28
\BOOKMARK [3][-]{subsubsection.2.4.3}{Question 4.c}{subsection.2.4}% 29
\BOOKMARK [2][-]{subsection.2.5}{Question 5}{section.2}% 30
\BOOKMARK [1][-]{subsection.2.5}{Introduction}{}% 31
