This is pdfTeX, Version 3.14159265-2.6-1.40.15 (TeX Live 2014) (preloaded format=pdflatex 2015.2.6)  7 FEB 2015 19:08
entering extended mode
 restricted \write18 enabled.
 %&-line parsing enabled.
**"/Users/emilebres/Documents/NUS/IS5126 HowBA/NBA_project/Report/4_1_2.tex"
(/Users/emilebres/Documents/NUS/IS5126 HowBA/NBA_project/Report/4_1_2.tex
LaTeX2e <2014/05/01>
Babel <3.9k> and hyphenation patterns for 78 languages loaded.
! Undefined control sequence.
l.2 \subsection
               {Question 2}
The control sequence at the end of the top line
of your error message was never \def'ed. If you have
misspelled it (e.g., `\hobx'), type `I' and the correct
spelling (e.g., `I\hbox'). Otherwise just continue,
and I'll forget about whatever was undefined.


! LaTeX Error: Missing \begin{document}.

See the LaTeX manual or LaTeX Companion for explanation.
Type  H <return>  for immediate help.
 ...                                              
                                                  
l.2 \subsection{Q
                 uestion 2}
You're in trouble here.  Try typing  <return>  to proceed.
If that doesn't work, type  X <return>  to quit.

Missing character: There is no Q in font nullfont!
Missing character: There is no u in font nullfont!
Missing character: There is no e in font nullfont!
Missing character: There is no s in font nullfont!
Missing character: There is no t in font nullfont!
Missing character: There is no i in font nullfont!
Missing character: There is no o in font nullfont!
Missing character: There is no n in font nullfont!
Missing character: There is no 2 in font nullfont!

Overfull \hbox (20.0pt too wide) in paragraph at lines 2--4
[]
 []

! Undefined control sequence.
l.5 \paragraph
              {Active players during 2011-2012 season}According to the SQLit...
The control sequence at the end of the top line
of your error message was never \def'ed. If you have
misspelled it (e.g., `\hobx'), type `I' and the correct
spelling (e.g., `I\hbox'). Otherwise just continue,
and I'll forget about whatever was undefined.


! LaTeX Error: Missing \begin{document}.

See the LaTeX manual or LaTeX Companion for explanation.
Type  H <return>  for immediate help.
 ...                                              
                                                  
l.5 \paragraph{A
                ctive players during 2011-2012 season}According to the SQLit...

You're in trouble here.  Try typing  <return>  to proceed.
If that doesn't work, type  X <return>  to quit.

Missing character: There is no A in font nullfont!
Missing character: There is no c in font nullfont!
Missing character: There is no t in font nullfont!
Missing character: There is no i in font nullfont!
Missing character: There is no v in font nullfont!
Missing character: There is no e in font nullfont!
Missing character: There is no p in font nullfont!
Missing character: There is no l in font nullfont!
Missing character: There is no a in font nullfont!
Missing character: There is no y in font nullfont!
Missing character: There is no e in font nullfont!
Missing character: There is no r in font nullfont!
Missing character: There is no s in font nullfont!
Missing character: There is no d in font nullfont!
Missing character: There is no u in font nullfont!
Missing character: There is no r in font nullfont!
Missing character: There is no i in font nullfont!
Missing character: There is no n in font nullfont!
Missing character: There is no g in font nullfont!
Missing character: There is no 2 in font nullfont!
Missing character: There is no 0 in font nullfont!
Missing character: There is no 1 in font nullfont!
Missing character: There is no 1 in font nullfont!
Missing character: There is no - in font nullfont!
Missing character: There is no 2 in font nullfont!
Missing character: There is no 0 in font nullfont!
Missing character: There is no 1 in font nullfont!
Missing character: There is no 2 in font nullfont!
Missing character: There is no s in font nullfont!
Missing character: There is no e in font nullfont!
Missing character: There is no a in font nullfont!
Missing character: There is no s in font nullfont!
Missing character: There is no o in font nullfont!
Missing character: There is no n in font nullfont!
Missing character: There is no A in font nullfont!
Missing character: There is no c in font nullfont!
Missing character: There is no c in font nullfont!
Missing character: There is no o in font nullfont!
Missing character: There is no r in font nullfont!
Missing character: There is no d in font nullfont!
Missing character: There is no i in font nullfont!
Missing character: There is no n in font nullfont!
Missing character: There is no g in font nullfont!
Missing character: There is no t in font nullfont!
Missing character: There is no o in font nullfont!
Missing character: There is no t in font nullfont!
Missing character: There is no h in font nullfont!
Missing character: There is no e in font nullfont!
Missing character: There is no S in font nullfont!
Missing character: There is no Q in font nullfont!
Missing character: There is no L in font nullfont!
Missing character: There is no i in font nullfont!
Missing character: There is no t in font nullfont!
Missing character: There is no e in font nullfont!
Missing character: There is no s in font nullfont!
Missing character: There is no c in font nullfont!
Missing character: There is no r in font nullfont!
Missing character: There is no i in font nullfont!
Missing character: There is no p in font nullfont!
Missing character: There is no t in font nullfont!
! Missing $ inserted.
<inserted text> 
                $
l.5 ...o the SQLite script \texttt{question_2.sql}
                                                   in SQL directory, there a...
I've inserted a begin-math/end-math symbol since I think
you left one out. Proceed, with fingers crossed.

LaTeX Font Info:    External font `cmex10' loaded for size
(Font)              <7> on input line 5.
LaTeX Font Info:    External font `cmex10' loaded for size
(Font)              <5> on input line 5.
! Extra }, or forgotten $.
<recently read> \egroup 
                        
l.5 ...o the SQLite script \texttt{question_2.sql}
                                                   in SQL directory, there a...
I've deleted a group-closing symbol because it seems to be
spurious, as in `$x}$'. But perhaps the } is legitimate and
you forgot something else, as in `\hbox{$x}'. In such cases
the way to recover is to insert both the forgotten and the
deleted material, e.g., by typing `I$}'.

! Missing $ inserted.
<inserted text> 
                $
l.6 
    
I've inserted a begin-math/end-math symbol since I think
you left one out. Proceed, with fingers crossed.


Overfull \hbox (20.0pt too wide) in paragraph at lines 5--6
[]
 []


Overfull \hbox (292.74176pt too wide) in paragraph at lines 5--6
\OT1/cmtt/m/n/10 question$[]\OML/cmm/m/it/10 :sqlinSQLdirectory; thereare\OT1/c
mr/m/n/10 452\OML/cmm/m/it/10 activesplayersin\OT1/cmr/m/n/10 2011 \OMS/cmsy/m/
n/10 ^^@
 []


Overfull \hbox (179.89351pt too wide) in paragraph at lines 5--6
\OT1/cmr/m/n/10 2012\OML/cmm/m/it/10 seasonamongthe\OT1/cmr/m/n/10 4288\OML/cmm
/m/it/10 playersintotal:$ 
 []

! Undefined control sequence.
l.7 \paragraph
              {Distribution in each position}
The control sequence at the end of the top line
of your error message was never \def'ed. If you have
misspelled it (e.g., `\hobx'), type `I' and the correct
spelling (e.g., `I\hbox'). Otherwise just continue,
and I'll forget about whatever was undefined.


! LaTeX Error: Missing \begin{document}.

See the LaTeX manual or LaTeX Companion for explanation.
Type  H <return>  for immediate help.
 ...                                              
                                                  
l.7 \paragraph{D
                istribution in each position}
You're in trouble here.  Try typing  <return>  to proceed.
If that doesn't work, type  X <return>  to quit.


Overfull \hbox (82.99945pt too wide) in paragraph at lines 7--8
[]\OT1/cmtt/m/n/10 Distribution
 []


Overfull \hbox (10.49991pt too wide) in paragraph at lines 7--8
\OT1/cmtt/m/n/10 in
 []


Overfull \hbox (20.99982pt too wide) in paragraph at lines 7--8
\OT1/cmtt/m/n/10 each
 []


Overfull \hbox (41.99963pt too wide) in paragraph at lines 7--8
\OT1/cmtt/m/n/10 position 
 []


! LaTeX Error: Missing \begin{document}.

See the LaTeX manual or LaTeX Companion for explanation.
Type  H <return>  for immediate help.
 ...                                              
                                                  
l.9  -
      ---	20
You're in trouble here.  Try typing  <return>  to proceed.
If that doesn't work, type  X <return>  to quit.


Overfull \hbox (40.99982pt too wide) in paragraph at lines 9--18
[]\OT1/cmtt/m/n/10 ----
 []


Overfull \hbox (10.49991pt too wide) in paragraph at lines 9--18
\OT1/cmtt/m/n/10 20
 []


Overfull \hbox (5.24995pt too wide) in paragraph at lines 9--18
\OT1/cmtt/m/n/10 C
 []


Overfull \hbox (10.49991pt too wide) in paragraph at lines 9--18
\OT1/cmtt/m/n/10 91
 []


Overfull \hbox (20.99982pt too wide) in paragraph at lines 9--18
\OT1/cmtt/m/n/10 C-PF
 []


Overfull \hbox (5.24995pt too wide) in paragraph at lines 9--18
\OT1/cmtt/m/n/10 1
 []


Overfull \hbox (10.49991pt too wide) in paragraph at lines 9--18
\OT1/cmtt/m/n/10 PF
 []


Overfull \hbox (10.49991pt too wide) in paragraph at lines 9--18
\OT1/cmtt/m/n/10 90
 []


Overfull \hbox (26.24977pt too wide) in paragraph at lines 9--18
\OT1/cmtt/m/n/10 PF-SF
 []


Overfull \hbox (5.24995pt too wide) in paragraph at lines 9--18
\OT1/cmtt/m/n/10 1
 []


Overfull \hbox (10.49991pt too wide) in paragraph at lines 9--18
\OT1/cmtt/m/n/10 PG
 []


Overfull \hbox (10.49991pt too wide) in paragraph at lines 9--18
\OT1/cmtt/m/n/10 78
 []


Overfull \hbox (10.49991pt too wide) in paragraph at lines 9--18
\OT1/cmtt/m/n/10 SF
 []


Overfull \hbox (10.49991pt too wide) in paragraph at lines 9--18
\OT1/cmtt/m/n/10 86
 []


Overfull \hbox (26.24977pt too wide) in paragraph at lines 9--18
\OT1/cmtt/m/n/10 SF-PF
 []


Overfull \hbox (5.24995pt too wide) in paragraph at lines 9--18
\OT1/cmtt/m/n/10 1
 []


Overfull \hbox (10.49991pt too wide) in paragraph at lines 9--18
\OT1/cmtt/m/n/10 SG
 []


Overfull \hbox (10.49991pt too wide) in paragraph at lines 9--18
\OT1/cmtt/m/n/10 84 
 []

! Undefined control sequence.
l.19 \paragraph
               {Average age}
The control sequence at the end of the top line
of your error message was never \def'ed. If you have
misspelled it (e.g., `\hobx'), type `I' and the correct
spelling (e.g., `I\hbox'). Otherwise just continue,
and I'll forget about whatever was undefined.


! LaTeX Error: Missing \begin{document}.

See the LaTeX manual or LaTeX Companion for explanation.
Type  H <return>  for immediate help.
 ...                                              
                                                  
l.19 \paragraph{A
                 verage age}
You're in trouble here.  Try typing  <return>  to proceed.
If that doesn't work, type  X <return>  to quit.


Overfull \hbox (56.74968pt too wide) in paragraph at lines 19--20
[]\OT1/cmtt/m/n/10 Average
 []


Overfull \hbox (15.74986pt too wide) in paragraph at lines 19--20
\OT1/cmtt/m/n/10 age 
 []


! LaTeX Error: Missing \begin{document}.

See the LaTeX manual or LaTeX Companion for explanation.
Type  H <return>  for immediate help.
 ...                                              
                                                  
l.21 a
      vg age 	= 30.01
You're in trouble here.  Try typing  <return>  to proceed.
If that doesn't work, type  X <return>  to quit.


Overfull \hbox (35.74986pt too wide) in paragraph at lines 21--22
[]\OT1/cmtt/m/n/10 avg
 []


Overfull \hbox (15.74986pt too wide) in paragraph at lines 21--22
\OT1/cmtt/m/n/10 age
 []


Overfull \hbox (5.24995pt too wide) in paragraph at lines 21--22
\OT1/cmtt/m/n/10 =
 []


Overfull \hbox (26.24977pt too wide) in paragraph at lines 21--22
\OT1/cmtt/m/n/10 30.01 
 []

! Undefined control sequence.
l.23 \paragraph
               {Average weight}
The control sequence at the end of the top line
of your error message was never \def'ed. If you have
misspelled it (e.g., `\hobx'), type `I' and the correct
spelling (e.g., `I\hbox'). Otherwise just continue,
and I'll forget about whatever was undefined.


! LaTeX Error: Missing \begin{document}.

See the LaTeX manual or LaTeX Companion for explanation.
Type  H <return>  for immediate help.
 ...                                              
                                                  
l.23 \paragraph{A
                 verage weight}
You're in trouble here.  Try typing  <return>  to proceed.
If that doesn't work, type  X <return>  to quit.


Overfull \hbox (56.74968pt too wide) in paragraph at lines 23--24
[]\OT1/cmtt/m/n/10 Average
 []


Overfull \hbox (31.49973pt too wide) in paragraph at lines 23--24
\OT1/cmtt/m/n/10 weight 
 []


! LaTeX Error: Missing \begin{document}.

See the LaTeX manual or LaTeX Companion for explanation.
Type  H <return>  for immediate help.
 ...                                              
                                                  
l.25 a
      vg weight 	= 219.947
You're in trouble here.  Try typing  <return>  to proceed.
If that doesn't work, type  X <return>  to quit.


Overfull \hbox (35.74986pt too wide) in paragraph at lines 25--26
[]\OT1/cmtt/m/n/10 avg
 []


Overfull \hbox (31.49973pt too wide) in paragraph at lines 25--26
\OT1/cmtt/m/n/10 weight
 []


Overfull \hbox (5.24995pt too wide) in paragraph at lines 25--26
\OT1/cmtt/m/n/10 =
 []


Overfull \hbox (36.74968pt too wide) in paragraph at lines 25--26
\OT1/cmtt/m/n/10 219.947 
 []

! Undefined control sequence.
l.27 \paragraph
               {Average experience}
The control sequence at the end of the top line
of your error message was never \def'ed. If you have
misspelled it (e.g., `\hobx'), type `I' and the correct
spelling (e.g., `I\hbox'). Otherwise just continue,
and I'll forget about whatever was undefined.


! LaTeX Error: Missing \begin{document}.

See the LaTeX manual or LaTeX Companion for explanation.
Type  H <return>  for immediate help.
 ...                                              
                                                  
l.27 \paragraph{A
                 verage experience}
You're in trouble here.  Try typing  <return>  to proceed.
If that doesn't work, type  X <return>  to quit.


Overfull \hbox (56.74968pt too wide) in paragraph at lines 27--28
[]\OT1/cmtt/m/n/10 Average
 []


Overfull \hbox (52.49954pt too wide) in paragraph at lines 27--28
\OT1/cmtt/m/n/10 experience 
 []


! LaTeX Error: Missing \begin{document}.

See the LaTeX manual or LaTeX Companion for explanation.
Type  H <return>  for immediate help.
 ...                                              
                                                  
l.29 a
      vg experience	= 7.35
You're in trouble here.  Try typing  <return>  to proceed.
If that doesn't work, type  X <return>  to quit.


Overfull \hbox (35.74986pt too wide) in paragraph at lines 29--30
[]\OT1/cmtt/m/n/10 avg
 []


Overfull \hbox (52.49954pt too wide) in paragraph at lines 29--30
\OT1/cmtt/m/n/10 experience
 []


Overfull \hbox (5.24995pt too wide) in paragraph at lines 29--30
\OT1/cmtt/m/n/10 =
 []


Overfull \hbox (20.99982pt too wide) in paragraph at lines 29--30
\OT1/cmtt/m/n/10 7.35 
 []

! Undefined control sequence.
l.31 \paragraph
               {Average salary in the season}
The control sequence at the end of the top line
of your error message was never \def'ed. If you have
misspelled it (e.g., `\hobx'), type `I' and the correct
spelling (e.g., `I\hbox'). Otherwise just continue,
and I'll forget about whatever was undefined.


! LaTeX Error: Missing \begin{document}.

See the LaTeX manual or LaTeX Companion for explanation.
Type  H <return>  for immediate help.
 ...                                              
                                                  
l.31 \paragraph{A
                 verage salary in the season}
You're in trouble here.  Try typing  <return>  to proceed.
If that doesn't work, type  X <return>  to quit.


Overfull \hbox (56.74968pt too wide) in paragraph at lines 31--32
[]\OT1/cmtt/m/n/10 Average
 []


Overfull \hbox (31.49973pt too wide) in paragraph at lines 31--32
\OT1/cmtt/m/n/10 salary
 []


Overfull \hbox (10.49991pt too wide) in paragraph at lines 31--32
\OT1/cmtt/m/n/10 in
 []


Overfull \hbox (15.74986pt too wide) in paragraph at lines 31--32
\OT1/cmtt/m/n/10 the
 []


Overfull \hbox (31.49973pt too wide) in paragraph at lines 31--32
\OT1/cmtt/m/n/10 season 
 []


! LaTeX Error: Missing \begin{document}.

See the LaTeX manual or LaTeX Companion for explanation.
Type  H <return>  for immediate help.
 ...                                              
                                                  
l.33 a
      vg salary	= 4699756.0
You're in trouble here.  Try typing  <return>  to proceed.
If that doesn't work, type  X <return>  to quit.


Overfull \hbox (35.74986pt too wide) in paragraph at lines 33--34
[]\OT1/cmtt/m/n/10 avg
 []


Overfull \hbox (31.49973pt too wide) in paragraph at lines 33--34
\OT1/cmtt/m/n/10 salary
 []


Overfull \hbox (5.24995pt too wide) in paragraph at lines 33--34
\OT1/cmtt/m/n/10 =
 []


Overfull \hbox (47.24959pt too wide) in paragraph at lines 33--34
\OT1/cmtt/m/n/10 4699756.0 
 []

! Undefined control sequence.
l.35 \paragraph
               {Average salary in the career}
The control sequence at the end of the top line
of your error message was never \def'ed. If you have
misspelled it (e.g., `\hobx'), type `I' and the correct
spelling (e.g., `I\hbox'). Otherwise just continue,
and I'll forget about whatever was undefined.


! LaTeX Error: Missing \begin{document}.

See the LaTeX manual or LaTeX Companion for explanation.
Type  H <return>  for immediate help.
 ...                                              
                                                  
l.35 \paragraph{A
                 verage salary in the career}
You're in trouble here.  Try typing  <return>  to proceed.
If that doesn't work, type  X <return>  to quit.


Overfull \hbox (56.74968pt too wide) in paragraph at lines 35--36
[]\OT1/cmtt/m/n/10 Average
 []


Overfull \hbox (31.49973pt too wide) in paragraph at lines 35--36
\OT1/cmtt/m/n/10 salary
 []


Overfull \hbox (10.49991pt too wide) in paragraph at lines 35--36
\OT1/cmtt/m/n/10 in
 []


Overfull \hbox (15.74986pt too wide) in paragraph at lines 35--36
\OT1/cmtt/m/n/10 the
 []


Overfull \hbox (31.49973pt too wide) in paragraph at lines 35--36
\OT1/cmtt/m/n/10 career 
 []


! LaTeX Error: Missing \begin{document}.

See the LaTeX manual or LaTeX Companion for explanation.
Type  H <return>  for immediate help.
 ...                                              
                                                  
l.37 a
      vg career sal	= 36147056.02
You're in trouble here.  Try typing  <return>  to proceed.
If that doesn't work, type  X <return>  to quit.

)
! Emergency stop.
<*> .../IS5126 HowBA/NBA_project/Report/4_1_2.tex"
                                                  
*** (job aborted, no legal \end found)

 
Here is how much of TeX's memory you used:
 12 strings out of 493117
 429 string characters out of 6135434
 53909 words of memory out of 5000000
 3572 multiletter control sequences out of 15000+600000
 3808 words of font info for 15 fonts, out of 8000000 for 9000
 1141 hyphenation exceptions out of 8191
 20i,1n,13p,299b,111s stack positions out of 5000i,500n,10000p,200000b,80000s
!  ==> Fatal error occurred, no output PDF file produced!
